{"level":"info","message":"✅ Servidor escuchando en puerto 8080"}
{"level":"http","message":"GET /loggerTest"}
{"level":"debug","message":"🔵 Esto es un log DEBUG"}
{"level":"http","message":"🟢 Esto es un log HTTP"}
{"level":"info","message":"📘 Esto es un log INFO"}
{"level":"warning","message":"🟡 Esto es un log WARNING"}
{"level":"error","message":"🔴 Esto es un log ERROR"}
{"level":"http","message":"GET /favicon.ico"}
{"level":"info","message":"✅ Servidor escuchando en puerto 8080"}
{"level":"http","message":"GET /loggerTest"}
{"level":"debug","message":"🔵 Esto es un log DEBUG"}
{"level":"http","message":"🟢 Esto es un log HTTP"}
{"level":"info","message":"📘 Esto es un log INFO"}
{"level":"warning","message":"🟡 Esto es un log WARNING"}
{"level":"error","message":"🔴 Esto es un log ERROR"}
{"level":"http","message":"GET /loggerTest"}
{"level":"debug","message":"🔵 Esto es un log DEBUG"}
{"level":"http","message":"🟢 Esto es un log HTTP"}
{"level":"info","message":"📘 Esto es un log INFO"}
{"level":"warning","message":"🟡 Esto es un log WARNING"}
{"level":"error","message":"🔴 Esto es un log ERROR"}
